{"/Users/sengngor/Desktop/Apps/Clinnet-EMR/backend/src/handlers/listUsers.js": {"path":"/Users/sengngor/Desktop/Apps/Clinnet-EMR/backend/src/handlers/listUsers.js","statementMap":{"0":{"start":{"line":1,"column":12},"end":{"line":1,"column":30}},"1":{"start":{"line":2,"column":36},"end":{"line":2,"column":68}},"2":{"start":{"line":3,"column":74},"end":{"line":3,"column":104}},"3":{"start":{"line":6,"column":16},"end":{"line":6,"column":56}},"4":{"start":{"line":9,"column":21},"end":{"line":9,"column":45}},"5":{"start":{"line":14,"column":0},"end":{"line":58,"column":2}},"6":{"start":{"line":15,"column":18},"end":{"line":15,"column":37}},"7":{"start":{"line":16,"column":24},"end":{"line":16,"column":56}},"8":{"start":{"line":19,"column":2},"end":{"line":21,"column":3}},"9":{"start":{"line":20,"column":6},"end":{"line":20,"column":55}},"10":{"start":{"line":23,"column":2},"end":{"line":57,"column":3}},"11":{"start":{"line":24,"column":4},"end":{"line":24,"column":64}},"12":{"start":{"line":27,"column":24},"end":{"line":27,"column":57}},"13":{"start":{"line":28,"column":18},"end":{"line":28,"column":51}},"14":{"start":{"line":29,"column":28},"end":{"line":29,"column":57}},"15":{"start":{"line":32,"column":19},"end":{"line":35,"column":5}},"16":{"start":{"line":38,"column":4},"end":{"line":40,"column":5}},"17":{"start":{"line":39,"column":6},"end":{"line":39,"column":47}},"18":{"start":{"line":43,"column":28},"end":{"line":43,"column":69}},"19":{"start":{"line":46,"column":29},"end":{"line":46,"column":75}},"20":{"start":{"line":49,"column":4},"end":{"line":52,"column":22}},"21":{"start":{"line":54,"column":4},"end":{"line":54,"column":49}},"22":{"start":{"line":56,"column":4},"end":{"line":56,"column":130}}},"fnMap":{"0":{"name":"(anonymous_0)","decl":{"start":{"line":14,"column":18},"end":{"line":14,"column":19}},"loc":{"start":{"line":14,"column":35},"end":{"line":58,"column":1}},"line":14}},"branchMap":{"0":{"loc":{"start":{"line":15,"column":18},"end":{"line":15,"column":37}},"type":"binary-expr","locations":[{"start":{"line":15,"column":18},"end":{"line":15,"column":31}},{"start":{"line":15,"column":35},"end":{"line":15,"column":37}}],"line":15},"1":{"loc":{"start":{"line":16,"column":24},"end":{"line":16,"column":56}},"type":"binary-expr","locations":[{"start":{"line":16,"column":24},"end":{"line":16,"column":38}},{"start":{"line":16,"column":42},"end":{"line":16,"column":56}}],"line":16},"2":{"loc":{"start":{"line":19,"column":2},"end":{"line":21,"column":3}},"type":"if","locations":[{"start":{"line":19,"column":2},"end":{"line":21,"column":3}},{"start":{},"end":{}}],"line":19},"3":{"loc":{"start":{"line":19,"column":6},"end":{"line":19,"column":88}},"type":"binary-expr","locations":[{"start":{"line":19,"column":6},"end":{"line":19,"column":36}},{"start":{"line":19,"column":40},"end":{"line":19,"column":88}}],"line":19},"4":{"loc":{"start":{"line":27,"column":24},"end":{"line":27,"column":57}},"type":"binary-expr","locations":[{"start":{"line":27,"column":24},"end":{"line":27,"column":51}},{"start":{"line":27,"column":55},"end":{"line":27,"column":57}}],"line":27},"5":{"loc":{"start":{"line":28,"column":18},"end":{"line":28,"column":51}},"type":"binary-expr","locations":[{"start":{"line":28,"column":18},"end":{"line":28,"column":45}},{"start":{"line":28,"column":49},"end":{"line":28,"column":51}}],"line":28},"6":{"loc":{"start":{"line":29,"column":28},"end":{"line":29,"column":57}},"type":"binary-expr","locations":[{"start":{"line":29,"column":28},"end":{"line":29,"column":49}},{"start":{"line":29,"column":53},"end":{"line":29,"column":57}}],"line":29},"7":{"loc":{"start":{"line":38,"column":4},"end":{"line":40,"column":5}},"type":"if","locations":[{"start":{"line":38,"column":4},"end":{"line":40,"column":5}},{"start":{},"end":{}}],"line":38},"8":{"loc":{"start":{"line":51,"column":19},"end":{"line":51,"column":58}},"type":"binary-expr","locations":[{"start":{"line":51,"column":19},"end":{"line":51,"column":50}},{"start":{"line":51,"column":54},"end":{"line":51,"column":58}}],"line":51},"9":{"loc":{"start":{"line":56,"column":35},"end":{"line":56,"column":72}},"type":"binary-expr","locations":[{"start":{"line":56,"column":35},"end":{"line":56,"column":45}},{"start":{"line":56,"column":49},"end":{"line":56,"column":72}}],"line":56},"10":{"loc":{"start":{"line":56,"column":74},"end":{"line":56,"column":113}},"type":"binary-expr","locations":[{"start":{"line":56,"column":74},"end":{"line":56,"column":87}},{"start":{"line":56,"column":91},"end":{"line":56,"column":113}}],"line":56}},"s":{"0":0,"1":0,"2":0,"3":0,"4":0,"5":0,"6":0,"7":0,"8":0,"9":0,"10":0,"11":0,"12":0,"13":0,"14":0,"15":0,"16":0,"17":0,"18":0,"19":0,"20":0,"21":0,"22":0},"f":{"0":0},"b":{"0":[0,0],"1":[0,0],"2":[0,0],"3":[0,0],"4":[0,0],"5":[0,0],"6":[0,0],"7":[0,0],"8":[0,0],"9":[0,0],"10":[0,0]}}
,"/Users/sengngor/Desktop/Apps/Clinnet-EMR/backend/src/handlers/reports/getAggregatedReports.js": {"path":"/Users/sengngor/Desktop/Apps/Clinnet-EMR/backend/src/handlers/reports/getAggregatedReports.js","statementMap":{"0":{"start":{"line":3,"column":12},"end":{"line":3,"column":30}},"1":{"start":{"line":12,"column":17},"end":{"line":12,"column":50}},"2":{"start":{"line":14,"column":0},"end":{"line":153,"column":2}},"3":{"start":{"line":15,"column":2},"end":{"line":15,"column":65}},"4":{"start":{"line":17,"column":21},"end":{"line":17,"column":84}},"5":{"start":{"line":18,"column":20},"end":{"line":18,"column":84}},"6":{"start":{"line":19,"column":2},"end":{"line":19,"column":70}},"7":{"start":{"line":22,"column":24},"end":{"line":26,"column":3}},"8":{"start":{"line":28,"column":2},"end":{"line":141,"column":3}},"9":{"start":{"line":30,"column":4},"end":{"line":128,"column":5}},"10":{"start":{"line":31,"column":6},"end":{"line":123,"column":7}},"11":{"start":{"line":32,"column":38},"end":{"line":32,"column":73}},"12":{"start":{"line":33,"column":8},"end":{"line":36,"column":9}},"13":{"start":{"line":34,"column":10},"end":{"line":34,"column":118}},"14":{"start":{"line":35,"column":10},"end":{"line":35,"column":69}},"15":{"start":{"line":37,"column":8},"end":{"line":37,"column":74}},"16":{"start":{"line":40,"column":24},"end":{"line":40,"column":34}},"17":{"start":{"line":41,"column":26},"end":{"line":41,"column":36}},"18":{"start":{"line":42,"column":8},"end":{"line":42,"column":50}},"19":{"start":{"line":44,"column":23},"end":{"line":53,"column":9}},"20":{"start":{"line":55,"column":8},"end":{"line":55,"column":70}},"21":{"start":{"line":56,"column":23},"end":{"line":56,"column":61}},"22":{"start":{"line":57,"column":8},"end":{"line":57,"column":92}},"23":{"start":{"line":60,"column":28},"end":{"line":60,"column":30}},"24":{"start":{"line":62,"column":8},"end":{"line":107,"column":9}},"25":{"start":{"line":63,"column":10},"end":{"line":106,"column":13}},"26":{"start":{"line":65,"column":12},"end":{"line":68,"column":13}},"27":{"start":{"line":66,"column":14},"end":{"line":66,"column":93}},"28":{"start":{"line":67,"column":14},"end":{"line":67,"column":21}},"29":{"start":{"line":70,"column":29},"end":{"line":70,"column":59}},"30":{"start":{"line":72,"column":12},"end":{"line":75,"column":13}},"31":{"start":{"line":73,"column":16},"end":{"line":73,"column":115}},"32":{"start":{"line":74,"column":16},"end":{"line":74,"column":23}},"33":{"start":{"line":77,"column":25},"end":{"line":77,"column":47}},"34":{"start":{"line":78,"column":26},"end":{"line":78,"column":49}},"35":{"start":{"line":79,"column":33},"end":{"line":79,"column":76}},"36":{"start":{"line":83,"column":12},"end":{"line":90,"column":13}},"37":{"start":{"line":84,"column":16},"end":{"line":84,"column":98}},"38":{"start":{"line":86,"column":16},"end":{"line":86,"column":122}},"39":{"start":{"line":88,"column":35},"end":{"line":88,"column":119}},"40":{"start":{"line":89,"column":16},"end":{"line":89,"column":60}},"41":{"start":{"line":92,"column":12},"end":{"line":94,"column":13}},"42":{"start":{"line":93,"column":14},"end":{"line":93,"column":113}},"43":{"start":{"line":96,"column":12},"end":{"line":96,"column":46}},"44":{"start":{"line":98,"column":27},"end":{"line":98,"column":51}},"45":{"start":{"line":100,"column":12},"end":{"line":104,"column":13}},"46":{"start":{"line":101,"column":14},"end":{"line":101,"column":52}},"47":{"start":{"line":102,"column":19},"end":{"line":104,"column":13}},"48":{"start":{"line":103,"column":14},"end":{"line":103,"column":52}},"49":{"start":{"line":110,"column":8},"end":{"line":112,"column":40}},"50":{"start":{"line":112,"column":22},"end":{"line":112,"column":38}},"51":{"start":{"line":114,"column":8},"end":{"line":114,"column":98}},"52":{"start":{"line":117,"column":8},"end":{"line":117,"column":79}},"53":{"start":{"line":120,"column":8},"end":{"line":120,"column":42}},"54":{"start":{"line":126,"column":6},"end":{"line":126,"column":108}},"55":{"start":{"line":127,"column":6},"end":{"line":127,"column":40}},"56":{"start":{"line":129,"column":9},"end":{"line":141,"column":3}},"57":{"start":{"line":131,"column":4},"end":{"line":135,"column":6}},"58":{"start":{"line":136,"column":9},"end":{"line":141,"column":3}},"59":{"start":{"line":138,"column":4},"end":{"line":140,"column":6}},"60":{"start":{"line":144,"column":2},"end":{"line":152,"column":4}}},"fnMap":{"0":{"name":"(anonymous_0)","decl":{"start":{"line":14,"column":25},"end":{"line":14,"column":26}},"loc":{"start":{"line":14,"column":51},"end":{"line":153,"column":1}},"line":14},"1":{"name":"(anonymous_1)","decl":{"start":{"line":63,"column":31},"end":{"line":63,"column":32}},"loc":{"start":{"line":63,"column":39},"end":{"line":106,"column":11}},"line":63},"2":{"name":"(anonymous_2)","decl":{"start":{"line":112,"column":15},"end":{"line":112,"column":16}},"loc":{"start":{"line":112,"column":22},"end":{"line":112,"column":38}},"line":112}},"branchMap":{"0":{"loc":{"start":{"line":17,"column":21},"end":{"line":17,"column":84}},"type":"binary-expr","locations":[{"start":{"line":17,"column":21},"end":{"line":17,"column":48}},{"start":{"line":17,"column":52},"end":{"line":17,"column":84}}],"line":17},"1":{"loc":{"start":{"line":18,"column":20},"end":{"line":18,"column":84}},"type":"binary-expr","locations":[{"start":{"line":18,"column":20},"end":{"line":18,"column":47}},{"start":{"line":18,"column":51},"end":{"line":18,"column":84}}],"line":18},"2":{"loc":{"start":{"line":28,"column":2},"end":{"line":141,"column":3}},"type":"if","locations":[{"start":{"line":28,"column":2},"end":{"line":141,"column":3}},{"start":{"line":129,"column":9},"end":{"line":141,"column":3}}],"line":28},"3":{"loc":{"start":{"line":30,"column":4},"end":{"line":128,"column":5}},"type":"if","locations":[{"start":{"line":30,"column":4},"end":{"line":128,"column":5}},{"start":{"line":124,"column":11},"end":{"line":128,"column":5}}],"line":30},"4":{"loc":{"start":{"line":33,"column":8},"end":{"line":36,"column":9}},"type":"if","locations":[{"start":{"line":33,"column":8},"end":{"line":36,"column":9}},{"start":{},"end":{}}],"line":33},"5":{"loc":{"start":{"line":57,"column":52},"end":{"line":57,"column":90}},"type":"cond-expr","locations":[{"start":{"line":57,"column":67},"end":{"line":57,"column":86}},{"start":{"line":57,"column":89},"end":{"line":57,"column":90}}],"line":57},"6":{"loc":{"start":{"line":62,"column":8},"end":{"line":107,"column":9}},"type":"if","locations":[{"start":{"line":62,"column":8},"end":{"line":107,"column":9}},{"start":{},"end":{}}],"line":62},"7":{"loc":{"start":{"line":62,"column":12},"end":{"line":62,"column":51}},"type":"binary-expr","locations":[{"start":{"line":62,"column":12},"end":{"line":62,"column":24}},{"start":{"line":62,"column":28},"end":{"line":62,"column":51}}],"line":62},"8":{"loc":{"start":{"line":65,"column":12},"end":{"line":68,"column":13}},"type":"if","locations":[{"start":{"line":65,"column":12},"end":{"line":68,"column":13}},{"start":{},"end":{}}],"line":65},"9":{"loc":{"start":{"line":65,"column":16},"end":{"line":65,"column":81}},"type":"binary-expr","locations":[{"start":{"line":65,"column":16},"end":{"line":65,"column":37}},{"start":{"line":65,"column":41},"end":{"line":65,"column":81}}],"line":65},"10":{"loc":{"start":{"line":72,"column":12},"end":{"line":75,"column":13}},"type":"if","locations":[{"start":{"line":72,"column":12},"end":{"line":75,"column":13}},{"start":{},"end":{}}],"line":72},"11":{"loc":{"start":{"line":92,"column":12},"end":{"line":94,"column":13}},"type":"if","locations":[{"start":{"line":92,"column":12},"end":{"line":94,"column":13}},{"start":{},"end":{}}],"line":92},"12":{"loc":{"start":{"line":98,"column":27},"end":{"line":98,"column":51}},"type":"binary-expr","locations":[{"start":{"line":98,"column":27},"end":{"line":98,"column":38}},{"start":{"line":98,"column":42},"end":{"line":98,"column":51}}],"line":98},"13":{"loc":{"start":{"line":100,"column":12},"end":{"line":104,"column":13}},"type":"if","locations":[{"start":{"line":100,"column":12},"end":{"line":104,"column":13}},{"start":{"line":102,"column":19},"end":{"line":104,"column":13}}],"line":100},"14":{"loc":{"start":{"line":102,"column":19},"end":{"line":104,"column":13}},"type":"if","locations":[{"start":{"line":102,"column":19},"end":{"line":104,"column":13}},{"start":{},"end":{}}],"line":102},"15":{"loc":{"start":{"line":129,"column":9},"end":{"line":141,"column":3}},"type":"if","locations":[{"start":{"line":129,"column":9},"end":{"line":141,"column":3}},{"start":{"line":136,"column":9},"end":{"line":141,"column":3}}],"line":129},"16":{"loc":{"start":{"line":129,"column":13},"end":{"line":129,"column":62}},"type":"binary-expr","locations":[{"start":{"line":129,"column":13},"end":{"line":129,"column":37}},{"start":{"line":129,"column":41},"end":{"line":129,"column":62}}],"line":129},"17":{"loc":{"start":{"line":136,"column":9},"end":{"line":141,"column":3}},"type":"if","locations":[{"start":{"line":136,"column":9},"end":{"line":141,"column":3}},{"start":{},"end":{}}],"line":136},"18":{"loc":{"start":{"line":136,"column":13},"end":{"line":136,"column":63}},"type":"binary-expr","locations":[{"start":{"line":136,"column":13},"end":{"line":136,"column":38}},{"start":{"line":136,"column":42},"end":{"line":136,"column":63}}],"line":136}},"s":{"0":0,"1":0,"2":0,"3":0,"4":0,"5":0,"6":0,"7":0,"8":0,"9":0,"10":0,"11":0,"12":0,"13":0,"14":0,"15":0,"16":0,"17":0,"18":0,"19":0,"20":0,"21":0,"22":0,"23":0,"24":0,"25":0,"26":0,"27":0,"28":0,"29":0,"30":0,"31":0,"32":0,"33":0,"34":0,"35":0,"36":0,"37":0,"38":0,"39":0,"40":0,"41":0,"42":0,"43":0,"44":0,"45":0,"46":0,"47":0,"48":0,"49":0,"50":0,"51":0,"52":0,"53":0,"54":0,"55":0,"56":0,"57":0,"58":0,"59":0,"60":0},"f":{"0":0,"1":0,"2":0},"b":{"0":[0,0],"1":[0,0],"2":[0,0],"3":[0,0],"4":[0,0],"5":[0,0],"6":[0,0],"7":[0,0],"8":[0,0],"9":[0,0],"10":[0,0],"11":[0,0],"12":[0,0],"13":[0,0],"14":[0,0],"15":[0,0],"16":[0,0],"17":[0,0],"18":[0,0]}}
}
