{"/app/backend/src/handlers/listUsers.js": {"path":"/app/backend/src/handlers/listUsers.js","statementMap":{"0":{"start":{"line":1,"column":12},"end":{"line":1,"column":30}},"1":{"start":{"line":2,"column":36},"end":{"line":2,"column":68}},"2":{"start":{"line":5,"column":16},"end":{"line":5,"column":56}},"3":{"start":{"line":8,"column":21},"end":{"line":8,"column":45}},"4":{"start":{"line":13,"column":0},"end":{"line":68,"column":2}},"5":{"start":{"line":14,"column":2},"end":{"line":67,"column":3}},"6":{"start":{"line":15,"column":4},"end":{"line":15,"column":64}},"7":{"start":{"line":18,"column":24},"end":{"line":18,"column":57}},"8":{"start":{"line":19,"column":18},"end":{"line":19,"column":51}},"9":{"start":{"line":20,"column":28},"end":{"line":20,"column":57}},"10":{"start":{"line":23,"column":19},"end":{"line":26,"column":5}},"11":{"start":{"line":29,"column":4},"end":{"line":31,"column":5}},"12":{"start":{"line":30,"column":6},"end":{"line":30,"column":47}},"13":{"start":{"line":34,"column":28},"end":{"line":34,"column":69}},"14":{"start":{"line":37,"column":29},"end":{"line":37,"column":75}},"15":{"start":{"line":40,"column":4},"end":{"line":51,"column":6}},"16":{"start":{"line":53,"column":4},"end":{"line":53,"column":49}},"17":{"start":{"line":55,"column":4},"end":{"line":66,"column":6}}},"fnMap":{"0":{"name":"(anonymous_0)","decl":{"start":{"line":13,"column":18},"end":{"line":13,"column":19}},"loc":{"start":{"line":13,"column":35},"end":{"line":68,"column":1}},"line":13}},"branchMap":{"0":{"loc":{"start":{"line":18,"column":24},"end":{"line":18,"column":57}},"type":"binary-expr","locations":[{"start":{"line":18,"column":24},"end":{"line":18,"column":51}},{"start":{"line":18,"column":55},"end":{"line":18,"column":57}}],"line":18},"1":{"loc":{"start":{"line":19,"column":18},"end":{"line":19,"column":51}},"type":"binary-expr","locations":[{"start":{"line":19,"column":18},"end":{"line":19,"column":45}},{"start":{"line":19,"column":49},"end":{"line":19,"column":51}}],"line":19},"2":{"loc":{"start":{"line":20,"column":28},"end":{"line":20,"column":57}},"type":"binary-expr","locations":[{"start":{"line":20,"column":28},"end":{"line":20,"column":49}},{"start":{"line":20,"column":53},"end":{"line":20,"column":57}}],"line":20},"3":{"loc":{"start":{"line":29,"column":4},"end":{"line":31,"column":5}},"type":"if","locations":[{"start":{"line":29,"column":4},"end":{"line":31,"column":5}},{"start":{},"end":{}}],"line":29},"4":{"loc":{"start":{"line":49,"column":19},"end":{"line":49,"column":58}},"type":"binary-expr","locations":[{"start":{"line":49,"column":19},"end":{"line":49,"column":50}},{"start":{"line":49,"column":54},"end":{"line":49,"column":58}}],"line":49}},"s":{"0":0,"1":0,"2":0,"3":0,"4":0,"5":0,"6":0,"7":0,"8":0,"9":0,"10":0,"11":0,"12":0,"13":0,"14":0,"15":0,"16":0,"17":0},"f":{"0":0},"b":{"0":[0,0],"1":[0,0],"2":[0,0],"3":[0,0],"4":[0,0]}}
}
